# JRE version: Java(TM) SE Runtime Environment (7.0_51-b13) (build 1.7.0_51-b13)
# Java VM: Java HotSpot(TM) 64-Bit Server VM (24.51-b03 mixed mode linux-amd64 compressed oops)
Heap
 PSYoungGen      total 96768K, used 2214K [0x00000000eff00000, 0x00000000f8200000, 0x0000000100000000)
  eden space 85504K, 2% used [0x00000000eff00000,0x00000000f0129b50,0x00000000f5280000)
  from space 11264K, 0% used [0x00000000f6600000,0x00000000f6600000,0x00000000f7100000)
  to   space 19968K, 0% used [0x00000000f5280000,0x00000000f5280000,0x00000000f6600000)
 ParOldGen       total 52736K, used 28477K [0x00000000cfe00000, 0x00000000d3180000, 0x00000000eff00000)
  object space 52736K, 53% used [0x00000000cfe00000,0x00000000d19cf538,0x00000000d3180000)
 PSPermGen       total 67072K, used 33542K [0x00000000cac00000, 0x00000000ced80000, 0x00000000cfe00000)
  object space 67072K, 50% used [0x00000000cac00000,0x00000000cccc1918,0x00000000ced80000)
GC Heap History (10 events):
Event: 3,647 GC heap before
{Heap before GC invocations=5 (full 0):
 PSYoungGen      total 26624K, used 26594K [0x00000000eff00000, 0x00000000f1b00000, 0x0000000100000000)
  eden space 24576K, 100% used [0x00000000eff00000,0x00000000f1700000,0x00000000f1700000)
  from space 2048K, 98% used [0x00000000f1900000,0x00000000f1af8a08,0x00000000f1b00000)
  to   space 2048K, 0% used [0x00000000f1700000,0x00000000f1700000,0x00000000f1900000)
 ParOldGen       total 32768K, used 1521K [0x00000000cfe00000, 0x00000000d1e00000, 0x00000000eff00000)
  object space 32768K, 4% used [0x00000000cfe00000,0x00000000cff7c7c0,0x00000000d1e00000)
 PSPermGen       total 21504K, used 13717K [0x00000000cac00000, 0x00000000cc100000, 0x00000000cfe00000)
  object space 21504K, 63% used [0x00000000cac00000,0x00000000cb965628,0x00000000cc100000)
Event: 3,657 GC heap after
Heap after GC invocations=5 (full 0):
 PSYoungGen      total 26624K, used 2018K [0x00000000eff00000, 0x00000000f3a00000, 0x0000000100000000)
  eden space 24576K, 0% used [0x00000000eff00000,0x00000000eff00000,0x00000000f1700000)
  from space 2048K, 98% used [0x00000000f1700000,0x00000000f18f8a18,0x00000000f1900000)
  to   space 5632K, 0% used [0x00000000f3480000,0x00000000f3480000,0x00000000f3a00000)
 ParOldGen       total 32768K, used 4837K [0x00000000cfe00000, 0x00000000d1e00000, 0x00000000eff00000)
  object space 32768K, 14% used [0x00000000cfe00000,0x00000000d02b9568,0x00000000d1e00000)
 PSPermGen       total 21504K, used 13717K [0x00000000cac00000, 0x00000000cc100000, 0x00000000cfe00000)
  object space 21504K, 63% used [0x00000000cac00000,0x00000000cb965628,0x00000000cc100000)
}
Event: 4,553 GC heap before
{Heap before GC invocations=6 (full 0):
 PSYoungGen      total 26624K, used 26594K [0x00000000eff00000, 0x00000000f3a00000, 0x0000000100000000)
  eden space 24576K, 100% used [0x00000000eff00000,0x00000000f1700000,0x00000000f1700000)
  from space 2048K, 98% used [0x00000000f1700000,0x00000000f18f8a18,0x00000000f1900000)
  to   space 5632K, 0% used [0x00000000f3480000,0x00000000f3480000,0x00000000f3a00000)
 ParOldGen       total 32768K, used 4837K [0x00000000cfe00000, 0x00000000d1e00000, 0x00000000eff00000)
  object space 32768K, 14% used [0x00000000cfe00000,0x00000000d02b9568,0x00000000d1e00000)
 PSPermGen       total 21504K, used 19390K [0x00000000cac00000, 0x00000000cc100000, 0x00000000cfe00000)
  object space 21504K, 90% used [0x00000000cac00000,0x00000000cbeef8e8,0x00000000cc100000)
Event: 4,563 GC heap after
Heap after GC invocations=6 (full 0):
 PSYoungGen      total 52736K, used 5611K [0x00000000eff00000, 0x00000000f3e00000, 0x0000000100000000)
  eden space 47104K, 0% used [0x00000000eff00000,0x00000000eff00000,0x00000000f2d00000)
  from space 5632K, 99% used [0x00000000f3480000,0x00000000f39fad30,0x00000000f3a00000)
  to   space 7680K, 0% used [0x00000000f2d00000,0x00000000f2d00000,0x00000000f3480000)
 ParOldGen       total 32768K, used 6132K [0x00000000cfe00000, 0x00000000d1e00000, 0x00000000eff00000)
  object space 32768K, 18% used [0x00000000cfe00000,0x00000000d03fd3f0,0x00000000d1e00000)
 PSPermGen       total 21504K, used 19390K [0x00000000cac00000, 0x00000000cc100000, 0x00000000cfe00000)
  object space 21504K, 90% used [0x00000000cac00000,0x00000000cbeef8e8,0x00000000cc100000)
}
Event: 13,197 GC heap before
{Heap before GC invocations=7 (full 0):
 PSYoungGen      total 52736K, used 52715K [0x00000000eff00000, 0x00000000f3e00000, 0x0000000100000000)
  eden space 47104K, 100% used [0x00000000eff00000,0x00000000f2d00000,0x00000000f2d00000)
  from space 5632K, 99% used [0x00000000f3480000,0x00000000f39fad30,0x00000000f3a00000)
  to   space 7680K, 0% used [0x00000000f2d00000,0x00000000f2d00000,0x00000000f3480000)
 ParOldGen       total 32768K, used 6132K [0x00000000cfe00000, 0x00000000d1e00000, 0x00000000eff00000)
  object space 32768K, 18% used [0x00000000cfe00000,0x00000000d03fd3f0,0x00000000d1e00000)
 PSPermGen       total 28672K, used 28376K [0x00000000cac00000, 0x00000000cc800000, 0x00000000cfe00000)
  object space 28672K, 98% used [0x00000000cac00000,0x00000000cc7b6080,0x00000000cc800000)
Event: 13,218 GC heap after
Heap after GC invocations=7 (full 0):
 PSYoungGen      total 54784K, used 7654K [0x00000000eff00000, 0x00000000f7100000, 0x0000000100000000)
  eden space 47104K, 0% used [0x00000000eff00000,0x00000000eff00000,0x00000000f2d00000)
  from space 7680K, 99% used [0x00000000f2d00000,0x00000000f3479820,0x00000000f3480000)
  to   space 11264K, 0% used [0x00000000f6600000,0x00000000f6600000,0x00000000f7100000)
 ParOldGen       total 32768K, used 10583K [0x00000000cfe00000, 0x00000000d1e00000, 0x00000000eff00000)
  object space 32768K, 32% used [0x00000000cfe00000,0x00000000d0855f80,0x00000000d1e00000)
 PSPermGen       total 28672K, used 28376K [0x00000000cac00000, 0x00000000cc800000, 0x00000000cfe00000)
  object space 28672K, 98% used [0x00000000cac00000,0x00000000cc7b6080,0x00000000cc800000)
}
Event: 44,910 GC heap before
{Heap before GC invocations=8 (full 0):
 PSYoungGen      total 54784K, used 54758K [0x00000000eff00000, 0x00000000f7100000, 0x0000000100000000)
  eden space 47104K, 100% used [0x00000000eff00000,0x00000000f2d00000,0x00000000f2d00000)
  from space 7680K, 99% used [0x00000000f2d00000,0x00000000f3479820,0x00000000f3480000)
  to   space 11264K, 0% used [0x00000000f6600000,0x00000000f6600000,0x00000000f7100000)
 ParOldGen       total 32768K, used 10583K [0x00000000cfe00000, 0x00000000d1e00000, 0x00000000eff00000)
  object space 32768K, 32% used [0x00000000cfe00000,0x00000000d0855f80,0x00000000d1e00000)
 PSPermGen       total 33792K, used 33530K [0x00000000cac00000, 0x00000000ccd00000, 0x00000000cfe00000)
  object space 33792K, 99% used [0x00000000cac00000,0x00000000cccbeb78,0x00000000ccd00000)
Event: 44,942 GC heap after
Heap after GC invocations=8 (full 0):
 PSYoungGen      total 96768K, used 11262K [0x00000000eff00000, 0x00000000f8200000, 0x0000000100000000)
  eden space 85504K, 0% used [0x00000000eff00000,0x00000000eff00000,0x00000000f5280000)
  from space 11264K, 99% used [0x00000000f6600000,0x00000000f70ffbe8,0x00000000f7100000)
  to   space 19968K, 0% used [0x00000000f5280000,0x00000000f5280000,0x00000000f6600000)
 ParOldGen       total 32768K, used 25017K [0x00000000cfe00000, 0x00000000d1e00000, 0x00000000eff00000)
  object space 32768K, 76% used [0x00000000cfe00000,0x00000000d166e788,0x00000000d1e00000)
 PSPermGen       total 33792K, used 33530K [0x00000000cac00000, 0x00000000ccd00000, 0x00000000cfe00000)
  object space 33792K, 99% used [0x00000000cac00000,0x00000000cccbeb78,0x00000000ccd00000)
}
Event: 44,974 GC heap before
{Heap before GC invocations=9 (full 1):
 PSYoungGen      total 96768K, used 11262K [0x00000000eff00000, 0x00000000f8200000, 0x0000000100000000)
  eden space 85504K, 0% used [0x00000000eff00000,0x00000000eff00000,0x00000000f5280000)
  from space 11264K, 99% used [0x00000000f6600000,0x00000000f70ffbe8,0x00000000f7100000)
  to   space 19968K, 0% used [0x00000000f5280000,0x00000000f5280000,0x00000000f6600000)
 ParOldGen       total 32768K, used 25017K [0x00000000cfe00000, 0x00000000d1e00000, 0x00000000eff00000)
  object space 32768K, 76% used [0x00000000cfe00000,0x00000000d166e788,0x00000000d1e00000)
 PSPermGen       total 33792K, used 33530K [0x00000000cac00000, 0x00000000ccd00000, 0x00000000cfe00000)
  object space 33792K, 99% used [0x00000000cac00000,0x00000000cccbeb78,0x00000000ccd00000)
Event: 45,216 GC heap after
Heap after GC invocations=9 (full 1):
 PSYoungGen      total 96768K, used 0K [0x00000000eff00000, 0x00000000f8200000, 0x0000000100000000)
  eden space 85504K, 0% used [0x00000000eff00000,0x00000000eff00000,0x00000000f5280000)
  from space 11264K, 0% used [0x00000000f6600000,0x00000000f6600000,0x00000000f7100000)
  to   space 19968K, 0% used [0x00000000f5280000,0x00000000f5280000,0x00000000f6600000)
 ParOldGen       total 52736K, used 28477K [0x00000000cfe00000, 0x00000000d3180000, 0x00000000eff00000)
  object space 52736K, 53% used [0x00000000cfe00000,0x00000000d19cf538,0x00000000d3180000)
 PSPermGen       total 67072K, used 33518K [0x00000000cac00000, 0x00000000ced80000, 0x00000000cfe00000)
  object space 67072K, 49% used [0x00000000cac00000,0x00000000cccbba50,0x00000000ced80000)
}

